<?xml version="1.0" encoding="UTF-8"?>
<!-- Generated by org.testng.reporters.JUnitReportReporter -->
<testsuite hostname="DESKTOP-JNHK7VF" failures="0" tests="1" name="testNgTestClass.CF_001ValidateSearchResearchHealthPlanePolicies" time="42.772" errors="0" timestamp="2024-03-24T01:10:02 IST" skipped="0">
  <testcase classname="testNgTestClass.CF_001ValidateSearchResearchHealthPlanePolicies" name="validateTestPlansFromTextAndBanners" time="42.772"/>
  <system-out>
    <![CDATA[Fatching Number Of Result From Text
Fatching Number Of Result From banners
Tc is passed
Taking screenshot Of Final Result]]>
  </system-out>
</testsuite> <!-- testNgTestClass.CF_001ValidateSearchResearchHealthPlanePolicies -->
