<?xml version="1.0" encoding="UTF-8"?>
<!-- Generated by org.testng.reporters.JUnitReportReporter -->
<testsuite hostname="DESKTOP-JNHK7VF" failures="0" tests="1" name="testNgTestClass.CF_002Validate_Pincode_Error_Msg2propertyfile" time="26.405" errors="0" timestamp="2024-02-28T23:00:12 IST" skipped="0">
  <testcase classname="testNgTestClass.CF_002Validate_Pincode_Error_Msg2propertyfile" name="validate_Pincode_ErrorMsg" time="26.405"/>
  <system-out>
    <![CDATA[Validating Pincode Error Msg
TC IS Passed]]>
  </system-out>
</testsuite> <!-- testNgTestClass.CF_002Validate_Pincode_Error_Msg2propertyfile -->
