<?xml version="1.0" encoding="UTF-8"?>
<!-- Generated by org.testng.reporters.JUnitReportReporter -->
<testsuite hostname="DESKTOP-JNHK7VF" failures="0" tests="1" name="testNgTestClass.CF_002Validate_Pincode_Error_Msg" time="21.025" errors="0" timestamp="2024-03-24T01:10:02 IST" skipped="0">
  <testcase classname="testNgTestClass.CF_002Validate_Pincode_Error_Msg" name="validate_Pincode_ErrorMsg" time="21.025"/>
  <system-out>
    <![CDATA[Validating Pincode Error Msg
TC IS Passed]]>
  </system-out>
</testsuite> <!-- testNgTestClass.CF_002Validate_Pincode_Error_Msg -->
